09:29:35:795 [36576] | INFO  | Initializing crosire's ReShade version '6.3.1.1916' (32-bit) loaded from 'C:\Users\dyanr\Desktop\rcce2\bin\DXGI.DLL' into 'C:\Users\dyanr\Desktop\rcce2\bin\Client.exe' (0xD5A6163E) ...
09:29:35:795 [36576] | INFO  | Registering hooks for 'user32.dll' ...
09:29:35:795 [36576] | INFO  | > Libraries loaded.
09:29:35:796 [36576] | INFO  | > Found 14 match(es). Installing ...
09:29:36:069 [36576] | INFO  | Registering hooks for 'C:\WINDOWS\system32\dinput.dll' ...
09:29:36:071 [36576] | INFO  | > Libraries loaded.
09:29:36:071 [36576] | INFO  | > Found 3 match(es). Installing ...
09:29:36:317 [36576] | INFO  | Registering hooks for 'C:\WINDOWS\system32\d2d1.dll' ...
09:29:36:319 [36576] | INFO  | > Delayed.
09:29:36:319 [36576] | INFO  | Registering hooks for 'C:\WINDOWS\system32\d3d9.dll' ...
09:29:36:320 [36576] | INFO  | > Delayed.
09:29:36:320 [36576] | INFO  | Registering hooks for 'C:\WINDOWS\system32\d3d10.dll' ...
09:29:36:320 [36576] | INFO  | > Delayed.
09:29:36:321 [36576] | INFO  | Registering hooks for 'C:\WINDOWS\system32\d3d10_1.dll' ...
09:29:36:321 [36576] | INFO  | > Delayed.
09:29:36:321 [36576] | INFO  | Registering hooks for 'C:\WINDOWS\system32\d3d11.dll' ...
09:29:36:322 [36576] | INFO  | > Delayed.
09:29:36:322 [36576] | INFO  | Registering hooks for 'C:\WINDOWS\system32\d3d12.dll' ...
09:29:36:323 [36576] | INFO  | > Delayed.
09:29:36:323 [36576] | INFO  | Registering hooks for 'C:\WINDOWS\system32\dxgi.dll' ...
09:29:36:323 [36576] | INFO  | > Delayed until first call to an exported function.
09:29:36:323 [36576] | INFO  | Registering hooks for 'vrclient.dll' ...
09:29:36:324 [36576] | INFO  | > Delayed.
09:29:36:324 [36576] | INFO  | Initialized.
09:29:36:326 [36576] | INFO  | Installing delayed hooks for 'C:\WINDOWS\system32\d3d11.dll' (Just loaded via LoadLibrary('C:\WINDOWS\SYSTEM32\D3D11.DLL')) ...
09:29:36:326 [36576] | INFO  | > Found 3 match(es). Installing ...
09:29:36:545 [36576] | INFO  | Redirecting RegisterClassExA(lpWndClassEx = 010FF4E8 { "DGD3D11ROOT", style = 0 }) ...
09:29:36:545 [36576] | INFO  | Redirecting CreateDXGIFactory1(riid = {770AAE78-F26F-4DBA-A829-253C83D1B387}, ppFactory = 013382A0) ...
09:29:36:546 [36576] | INFO  | Installing export hooks for 'C:\WINDOWS\system32\dxgi.dll' ...
09:29:36:547 [36576] | INFO  | > Found 5 match(es). Installing ...
09:29:36:563 [36576] | INFO  | Redirecting CreateDXGIFactory1(riid = {770AAE78-F26F-4DBA-A829-253C83D1B387}, ppFactory = 010FF518) ...
09:29:36:564 [36576] | INFO  | Redirecting D3D11CreateDevice(pAdapter = 047C7BE8, DriverType = 0, Software = 00000000, Flags = 0, pFeatureLevels = 5AFE2A74, FeatureLevels = 3, SDKVersion = 7, ppDevice = 013384E0, pFeatureLevel = 013384F0, ppImmediateContext = 013384E4) ...
09:29:36:564 [36576] | INFO  | > Passing on to D3D11CreateDeviceAndSwapChain:
09:29:36:564 [36576] | INFO  | Redirecting D3D11CreateDeviceAndSwapChain(pAdapter = 047C7BE8, DriverType = 0, Software = 00000000, Flags = 0, pFeatureLevels = 5AFE2A74, FeatureLevels = 3, SDKVersion = 7, pSwapChainDesc = 00000000, ppSwapChain = 00000000, ppDevice = 013384E0, pFeatureLevel = 013384F0, ppImmediateContext = 013384E4) ...
09:29:36:761 [36576] | INFO  | Using feature level b000.
09:29:36:763 [36576] | INFO  | Searching for add-ons (*.addon, *.addon32) in 'C:\Users\dyanr\Desktop\rcce2\bin' ...
09:29:36:915 [36576] | WARN  | Reference count for ID3D11Device0 object 0518F134 (051BA234) is inconsistent (54).
09:29:36:934 [36576] | INFO  | Redirecting RegisterClassExA(lpWndClassEx = 010FF528 { "DGDRIVERROOT", style = 0 }) ...
09:29:36:939 [36576] | INFO  | Redirecting RegisterClassExA(lpWndClassEx = 010FF740 { "DGDRIVERROOT", style = 0 }) ...
09:29:36:944 [36576] | INFO  | Redirecting RegisterClassExA(lpWndClassEx = 010FF700 { "DGD3D11ROOT", style = 0 }) ...
09:29:36:944 [36576] | INFO  | Redirecting CreateDXGIFactory1(riid = {770AAE78-F26F-4DBA-A829-253C83D1B387}, ppFactory = 048D8840) ...
09:29:36:945 [36576] | INFO  | Redirecting CreateDXGIFactory1(riid = {770AAE78-F26F-4DBA-A829-253C83D1B387}, ppFactory = 010FF730) ...
09:29:36:946 [36576] | INFO  | Redirecting D3D11CreateDevice(pAdapter = 09E2EA80, DriverType = 0, Software = 00000000, Flags = 0, pFeatureLevels = 5AFE2A74, FeatureLevels = 3, SDKVersion = 7, ppDevice = 048D8A80, pFeatureLevel = 048D8A90, ppImmediateContext = 048D8A84) ...
09:29:36:946 [36576] | INFO  | > Passing on to D3D11CreateDeviceAndSwapChain:
09:29:36:946 [36576] | INFO  | Redirecting D3D11CreateDeviceAndSwapChain(pAdapter = 09E2EA80, DriverType = 0, Software = 00000000, Flags = 0, pFeatureLevels = 5AFE2A74, FeatureLevels = 3, SDKVersion = 7, pSwapChainDesc = 00000000, ppSwapChain = 00000000, ppDevice = 048D8A80, pFeatureLevel = 048D8A90, ppImmediateContext = 048D8A84) ...
09:29:37:081 [36576] | INFO  | Using feature level b000.
09:29:37:081 [36576] | INFO  | Searching for add-ons (*.addon, *.addon32) in 'C:\Users\dyanr\Desktop\rcce2\bin' ...
09:29:37:138 [36576] | INFO  | Redirecting IDXGIFactory::CreateSwapChain(this = 047E6800, pDevice = 051C4834, pDesc = 010FF5DC, ppSwapChain = 0525C65C) ...
09:29:37:138 [36576] | INFO  | > Dumping swap chain description:
09:29:37:138 [36576] | INFO  |   +-----------------------------------------+-----------------------------------------+
09:29:37:138 [36576] | INFO  |   | Parameter                               | Value                                   |
09:29:37:139 [36576] | INFO  |   +-----------------------------------------+-----------------------------------------+
09:29:37:139 [36576] | INFO  |   | Width                                   | 1                                       |
09:29:37:139 [36576] | INFO  |   | Height                                  | 1                                       |
09:29:37:139 [36576] | INFO  |   | RefreshRate                             | 0                   1                   |
09:29:37:140 [36576] | INFO  |   | Format                                  | DXGI_FORMAT_R8G8B8A8_UNORM              |
09:29:37:140 [36576] | INFO  |   | ScanlineOrdering                        | 0                                       |
09:29:37:140 [36576] | INFO  |   | Scaling                                 | 1                                       |
09:29:37:140 [36576] | INFO  |   | SampleCount                             | 1                                       |
09:29:37:140 [36576] | INFO  |   | SampleQuality                           | 0                                       |
09:29:37:141 [36576] | INFO  |   | BufferUsage                             | 0x60                                    |
09:29:37:141 [36576] | INFO  |   | BufferCount                             | 2                                       |
09:29:37:141 [36576] | INFO  |   | OutputWindow                            | 004B0480                                |
09:29:37:141 [36576] | INFO  |   | Windowed                                | TRUE                                    |
09:29:37:141 [36576] | INFO  |   | SwapEffect                              | 0                                       |
09:29:37:141 [36576] | INFO  |   | Flags                                   | 0x2                                     |
09:29:37:141 [36576] | INFO  |   +-----------------------------------------+-----------------------------------------+
09:29:37:144 [36576] | INFO  | Running on NVIDIA GeForce GTX 1660 Ti Driver 551.23.
09:29:37:487 [36576] | INFO  | Redirecting DirectInputCreateEx(hinst = 0F750000, dwVersion = 700, riidltf = {9A4CB684-236D-11D3-8E9D-00C04F6844AE}, ppvOut = 010FFA54, punkOuter = 00000000) ...
09:29:37:497 [36576] | INFO  | Redirecting IDirectInput7A::CreateDeviceEx(this = 09E57CAC, rguid = {6F1D2B61-D5A0-11CF-BFC7-444553540000}, riid = {57D7C6BC-2356-11D3-8E9D-00C04F6844AE}, ppvOut = 010FFA0C, pUnkOuter = 00000000) ...
09:29:37:499 [36576] | INFO  | Redirecting IDirectInputDevice::SetCooperativeLevel(this = 05457054, hwnd = 004B0480, dwFlags = 0x5) ...
09:29:37:500 [36576] | INFO  | > Replacing flags with 0x6.
09:29:37:503 [36576] | INFO  | Redirecting IDirectInput7A::CreateDeviceEx(this = 09E57CAC, rguid = {6F1D2B60-D5A0-11CF-BFC7-444553540000}, riid = {57D7C6BC-2356-11D3-8E9D-00C04F6844AE}, ppvOut = 010FFA08, pUnkOuter = 00000000) ...
09:29:37:503 [36576] | INFO  | Redirecting IDirectInputDevice::SetCooperativeLevel(this = 054584D4, hwnd = 004B0480, dwFlags = 0x5) ...
09:29:37:504 [36576] | INFO  | > Replacing flags with 0x6.
09:29:37:752 [36576] | INFO  | Redirecting IDXGISwapChain::SetFullscreenState(this = 053C9E00, Fullscreen = FALSE, pTarget = 00000000) ...
09:29:37:757 [36576] | INFO  | Redirecting IDXGIFactory::CreateSwapChain(this = 047E6800, pDevice = 051C4834, pDesc = 010FF06C, ppSwapChain = 0525C65C) ...
09:29:37:757 [36576] | INFO  | > Dumping swap chain description:
09:29:37:758 [36576] | INFO  |   +-----------------------------------------+-----------------------------------------+
09:29:37:758 [36576] | INFO  |   | Parameter                               | Value                                   |
09:29:37:758 [36576] | INFO  |   +-----------------------------------------+-----------------------------------------+
09:29:37:758 [36576] | INFO  |   | Width                                   | 400                                     |
09:29:37:758 [36576] | INFO  |   | Height                                  | 300                                     |
09:29:37:758 [36576] | INFO  |   | RefreshRate                             | 60                  1                   |
09:29:37:759 [36576] | INFO  |   | Format                                  | DXGI_FORMAT_R8G8B8A8_UNORM              |
09:29:37:759 [36576] | INFO  |   | ScanlineOrdering                        | 0                                       |
09:29:37:759 [36576] | INFO  |   | Scaling                                 | 1                                       |
09:29:37:759 [36576] | INFO  |   | SampleCount                             | 1                                       |
09:29:37:759 [36576] | INFO  |   | SampleQuality                           | 0                                       |
09:29:37:759 [36576] | INFO  |   | BufferUsage                             | 0x60                                    |
09:29:37:759 [36576] | INFO  |   | BufferCount                             | 2                                       |
09:29:37:760 [36576] | INFO  |   | OutputWindow                            | 004B0480                                |
09:29:37:760 [36576] | INFO  |   | Windowed                                | TRUE                                    |
09:29:37:760 [36576] | INFO  |   | SwapEffect                              | 0                                       |
09:29:37:760 [36576] | INFO  |   | Flags                                   | 0x2                                     |
09:29:37:760 [36576] | INFO  |   +-----------------------------------------+-----------------------------------------+
09:29:37:762 [36576] | INFO  | Running on NVIDIA GeForce GTX 1660 Ti Driver 551.23.
09:29:37:772 [36576] | INFO  | Recreated runtime environment on runtime 052323E0 ('C:\Users\dyanr\Desktop\rcce2\bin\ReShade.ini').
09:29:37:772 [36576] | INFO  | Redirecting IDXGISwapChain::SetFullscreenState(this = 09E4CE10, Fullscreen = FALSE, pTarget = 00000000) ...
09:29:38:007 [36576] | INFO  | Redirecting IDXGISwapChain::SetFullscreenState(this = 09E4CE10, Fullscreen = FALSE, pTarget = 00000000) ...
09:29:38:053 [36576] | INFO  | Redirecting IDXGISwapChain::SetFullscreenState(this = 09E4CE10, Fullscreen = FALSE, pTarget = 00000000) ...
09:29:38:053 [36576] | INFO  | Destroyed runtime environment on runtime 052323E0 ('C:\Users\dyanr\Desktop\rcce2\bin\ReShade.ini').
09:29:38:057 [36576] | WARN  | Reference count for ID3D11Device0 object 051C4834 (0555BE54) is inconsistent (60).
09:29:38:094 [36576] | INFO  | Redirecting RegisterClassExA(lpWndClassEx = 010FF5E0 { "DGDRIVERROOT", style = 0 }) ...
09:29:38:099 [36576] | INFO  | Redirecting RegisterClassExA(lpWndClassEx = 010FF5A0 { "DGD3D11ROOT", style = 0 }) ...
09:29:38:099 [36576] | INFO  | Redirecting CreateDXGIFactory1(riid = {770AAE78-F26F-4DBA-A829-253C83D1B387}, ppFactory = 013382A0) ...
09:29:38:100 [36576] | INFO  | Redirecting CreateDXGIFactory1(riid = {770AAE78-F26F-4DBA-A829-253C83D1B387}, ppFactory = 010FF5D0) ...
09:29:38:100 [36576] | INFO  | Redirecting D3D11CreateDevice(pAdapter = 053F7D58, DriverType = 0, Software = 00000000, Flags = 0, pFeatureLevels = 5AFE2A74, FeatureLevels = 3, SDKVersion = 7, ppDevice = 013384E0, pFeatureLevel = 013384F0, ppImmediateContext = 013384E4) ...
09:29:38:100 [36576] | INFO  | > Passing on to D3D11CreateDeviceAndSwapChain:
09:29:38:101 [36576] | INFO  | Redirecting D3D11CreateDeviceAndSwapChain(pAdapter = 053F7D58, DriverType = 0, Software = 00000000, Flags = 0, pFeatureLevels = 5AFE2A74, FeatureLevels = 3, SDKVersion = 7, pSwapChainDesc = 00000000, ppSwapChain = 00000000, ppDevice = 013384E0, pFeatureLevel = 013384F0, ppImmediateContext = 013384E4) ...
09:29:38:224 [36576] | INFO  | Using feature level b000.
09:29:38:225 [36576] | INFO  | Searching for add-ons (*.addon, *.addon32) in 'C:\Users\dyanr\Desktop\rcce2\bin' ...
09:29:38:271 [36576] | INFO  | Redirecting IDXGIFactory::CreateSwapChain(this = 047E6800, pDevice = 047BC8AC, pDesc = 010FF47C, ppSwapChain = 04847F04) ...
09:29:38:271 [36576] | INFO  | > Dumping swap chain description:
09:29:38:271 [36576] | INFO  |   +-----------------------------------------+-----------------------------------------+
09:29:38:271 [36576] | INFO  |   | Parameter                               | Value                                   |
09:29:38:271 [36576] | INFO  |   +-----------------------------------------+-----------------------------------------+
09:29:38:271 [36576] | INFO  |   | Width                                   | 1                                       |
09:29:38:271 [36576] | INFO  |   | Height                                  | 1                                       |
09:29:38:271 [36576] | INFO  |   | RefreshRate                             | 0                   1                   |
09:29:38:271 [36576] | INFO  |   | Format                                  | DXGI_FORMAT_R8G8B8A8_UNORM              |
09:29:38:273 [36576] | INFO  |   | ScanlineOrdering                        | 0                                       |
09:29:38:273 [36576] | INFO  |   | Scaling                                 | 1                                       |
09:29:38:273 [36576] | INFO  |   | SampleCount                             | 1                                       |
09:29:38:273 [36576] | INFO  |   | SampleQuality                           | 0                                       |
09:29:38:273 [36576] | INFO  |   | BufferUsage                             | 0x60                                    |
09:29:38:273 [36576] | INFO  |   | BufferCount                             | 2                                       |
09:29:38:274 [36576] | INFO  |   | OutputWindow                            | 004B0480                                |
09:29:38:274 [36576] | INFO  |   | Windowed                                | TRUE                                    |
09:29:38:274 [36576] | INFO  |   | SwapEffect                              | 0                                       |
09:29:38:274 [36576] | INFO  |   | Flags                                   | 0x2                                     |
09:29:38:274 [36576] | INFO  |   +-----------------------------------------+-----------------------------------------+
09:29:38:276 [36576] | INFO  | Running on NVIDIA GeForce GTX 1660 Ti Driver 551.23.
09:29:38:328 [36576] | INFO  | Redirecting IDXGISwapChain::SetFullscreenState(this = 0A035428, Fullscreen = FALSE, pTarget = 00000000) ...
09:29:38:330 [36576] | INFO  | Redirecting IDXGIFactory::CreateSwapChain(this = 047E6800, pDevice = 047BC8AC, pDesc = 010FEF04, ppSwapChain = 04847F04) ...
09:29:38:330 [36576] | INFO  | > Dumping swap chain description:
09:29:38:330 [36576] | INFO  |   +-----------------------------------------+-----------------------------------------+
09:29:38:331 [36576] | INFO  |   | Parameter                               | Value                                   |
09:29:38:331 [36576] | INFO  |   +-----------------------------------------+-----------------------------------------+
09:29:38:331 [36576] | INFO  |   | Width                                   | 1280                                    |
09:29:38:331 [36576] | INFO  |   | Height                                  | 960                                     |
09:29:38:331 [36576] | INFO  |   | RefreshRate                             | 60                  1                   |
09:29:38:331 [36576] | INFO  |   | Format                                  | DXGI_FORMAT_R8G8B8A8_UNORM              |
09:29:38:332 [36576] | INFO  |   | ScanlineOrdering                        | 0                                       |
09:29:38:332 [36576] | INFO  |   | Scaling                                 | 1                                       |
09:29:38:332 [36576] | INFO  |   | SampleCount                             | 1                                       |
09:29:38:332 [36576] | INFO  |   | SampleQuality                           | 0                                       |
09:29:38:332 [36576] | INFO  |   | BufferUsage                             | 0x60                                    |
09:29:38:332 [36576] | INFO  |   | BufferCount                             | 2                                       |
09:29:38:332 [36576] | INFO  |   | OutputWindow                            | 004B0480                                |
09:29:38:332 [36576] | INFO  |   | Windowed                                | TRUE                                    |
09:29:38:333 [36576] | INFO  |   | SwapEffect                              | 0                                       |
09:29:38:333 [36576] | INFO  |   | Flags                                   | 0x2                                     |
09:29:38:333 [36576] | INFO  |   +-----------------------------------------+-----------------------------------------+
09:29:38:334 [36576] | INFO  | Running on NVIDIA GeForce GTX 1660 Ti Driver 551.23.
09:29:38:340 [36576] | INFO  | Recreated runtime environment on runtime 013212E8 ('C:\Users\dyanr\Desktop\rcce2\bin\ReShade.ini').
09:29:38:341 [36576] | INFO  | Redirecting IDXGISwapChain::SetFullscreenState(this = 0A0354A0, Fullscreen = FALSE, pTarget = 00000000) ...
09:29:43:039 [36576] | INFO  | Redirecting IDXGISwapChain::SetFullscreenState(this = 0A0354A0, Fullscreen = FALSE, pTarget = 00000000) ...
09:29:43:086 [36576] | INFO  | Redirecting IDXGISwapChain::SetFullscreenState(this = 0A0354A0, Fullscreen = FALSE, pTarget = 00000000) ...
09:29:43:086 [36576] | INFO  | Destroyed runtime environment on runtime 013212E8 ('C:\Users\dyanr\Desktop\rcce2\bin\ReShade.ini').
09:29:43:090 [36576] | WARN  | Reference count for ID3D11Device0 object 047BC8AC (0555BE54) is inconsistent (65).
09:29:43:184 [36576] | INFO  | Exiting ...
09:29:43:184 [36576] | INFO  | Uninstalling 37 hook(s) ...
09:29:44:383 [36576] | INFO  | Finished exiting.
